 INFO  layback.log : The first language found will be set to the subtitle file
 INFO  layback.log : pob eng por spa ger
 INFO  layback.log : Downloading Before.the.Devil.Knows.Youre.Dead.2007.1080p.BluRay.H264.AAC-RARBG.mp4 on pob
 INFO  layback.log : Language: pob
DEBUG  layback.log : * Search subtitles for Before.the.Devil.Knows.Youre.Dead.2007.1080p.BluRay.H264.AAC-RARBG
* No sub found

 0
 INFO  layback.log : Language: eng
DEBUG  layback.log : * Search subtitles for Before.the.Devil.Knows.Youre.Dead.2007.1080p.BluRay.H264.AAC-RARBG
* No sub found

 0
 INFO  layback.log : Language: por
DEBUG  layback.log : * Search subtitles for Before.the.Devil.Knows.Youre.Dead.2007.1080p.BluRay.H264.AAC-RARBG
* No sub found

 0
 INFO  layback.log : Language: spa
DEBUG  layback.log : * Search subtitles for Before.the.Devil.Knows.Youre.Dead.2007.1080p.BluRay.H264.AAC-RARBG
* No sub found

 0
 INFO  layback.log : Language: ger
DEBUG  layback.log : * Search subtitles for Before.the.Devil.Knows.Youre.Dead.2007.1080p.BluRay.H264.AAC-RARBG
* No sub found

 0
 INFO  layback.log : Downloading Before.the.Devil.Knows.Youre.Dead.2007.1080p.BluRay.H264.AAC-RARBG.mp4 on eng
 INFO  layback.log : Language: pob
DEBUG  layback.log : * Search subtitles for Before.the.Devil.Knows.Youre.Dead.2007.1080p.BluRay.H264.AAC-RARBG
* No sub found

 0
 INFO  layback.log : Language: eng
DEBUG  layback.log : * Search subtitles for Before.the.Devil.Knows.Youre.Dead.2007.1080p.BluRay.H264.AAC-RARBG
* No sub found

 0
 INFO  layback.log : Language: por
DEBUG  layback.log : * Search subtitles for Before.the.Devil.Knows.Youre.Dead.2007.1080p.BluRay.H264.AAC-RARBG
* No sub found

 0
 INFO  layback.log : Language: spa
DEBUG  layback.log : * Search subtitles for Before.the.Devil.Knows.Youre.Dead.2007.1080p.BluRay.H264.AAC-RARBG
* No sub found

 0
 INFO  layback.log : Language: ger
DEBUG  layback.log : * Search subtitles for Before.the.Devil.Knows.Youre.Dead.2007.1080p.BluRay.H264.AAC-RARBG
* No sub found

 0
 INFO  layback.log : Downloading Before.the.Devil.Knows.Youre.Dead.2007.1080p.BluRay.H264.AAC-RARBG.mp4 on por
 INFO  layback.log : Language: pob
DEBUG  layback.log : * Search subtitles for Before.the.Devil.Knows.Youre.Dead.2007.1080p.BluRay.H264.AAC-RARBG
* No sub found

 0
 INFO  layback.log : Language: eng
DEBUG  layback.log : * Search subtitles for Before.the.Devil.Knows.Youre.Dead.2007.1080p.BluRay.H264.AAC-RARBG
* No sub found

 0
 INFO  layback.log : Language: por
DEBUG  layback.log : * Search subtitles for Before.the.Devil.Knows.Youre.Dead.2007.1080p.BluRay.H264.AAC-RARBG
* No sub found

 0
 INFO  layback.log : Language: spa
DEBUG  layback.log : * Search subtitles for Before.the.Devil.Knows.Youre.Dead.2007.1080p.BluRay.H264.AAC-RARBG
* No sub found

 0
 INFO  layback.log : Language: ger
DEBUG  layback.log : * Search subtitles for Before.the.Devil.Knows.Youre.Dead.2007.1080p.BluRay.H264.AAC-RARBG
* No sub found

 0
 INFO  layback.log : Downloading Before.the.Devil.Knows.Youre.Dead.2007.1080p.BluRay.H264.AAC-RARBG.mp4 on spa
 INFO  layback.log : Language: pob
DEBUG  layback.log : * Search subtitles for Before.the.Devil.Knows.Youre.Dead.2007.1080p.BluRay.H264.AAC-RARBG
* No sub found

 0
 INFO  layback.log : Language: eng
DEBUG  layback.log : * Search subtitles for Before.the.Devil.Knows.Youre.Dead.2007.1080p.BluRay.H264.AAC-RARBG
* No sub found

 0
 INFO  layback.log : Language: por
DEBUG  layback.log : * Search subtitles for Before.the.Devil.Knows.Youre.Dead.2007.1080p.BluRay.H264.AAC-RARBG
* No sub found

 0
 INFO  layback.log : Language: spa
DEBUG  layback.log : * Search subtitles for Before.the.Devil.Knows.Youre.Dead.2007.1080p.BluRay.H264.AAC-RARBG
* No sub found

 0
 INFO  layback.log : Language: ger
DEBUG  layback.log : * Search subtitles for Before.the.Devil.Knows.Youre.Dead.2007.1080p.BluRay.H264.AAC-RARBG
* No sub found

 0
 INFO  layback.log : Downloading Before.the.Devil.Knows.Youre.Dead.2007.1080p.BluRay.H264.AAC-RARBG.mp4 on ger
 INFO  layback.log : Language: pob
DEBUG  layback.log : * Search subtitles for Before.the.Devil.Knows.Youre.Dead.2007.1080p.BluRay.H264.AAC-RARBG
* No sub found

 0
 INFO  layback.log : Language: eng
DEBUG  layback.log : * Search subtitles for Before.the.Devil.Knows.Youre.Dead.2007.1080p.BluRay.H264.AAC-RARBG
* No sub found

 0
 INFO  layback.log : Language: por
DEBUG  layback.log : * Search subtitles for Before.the.Devil.Knows.Youre.Dead.2007.1080p.BluRay.H264.AAC-RARBG
* No sub found

 0
 INFO  layback.log : Language: spa
DEBUG  layback.log : * Search subtitles for Before.the.Devil.Knows.Youre.Dead.2007.1080p.BluRay.H264.AAC-RARBG
* No sub found

 0
 INFO  layback.log : Language: ger
DEBUG  layback.log : * Search subtitles for Before.the.Devil.Knows.Youre.Dead.2007.1080p.BluRay.H264.AAC-RARBG
* No sub found

 0
 INFO  layback.log : Downloading RARBG.COM.mp4 on pob
 INFO  layback.log : Language: pob
DEBUG  layback.log : * Search subtitles for RARBG.COM
* Sub already there. To override it use --force

 0
 INFO  layback.log : cp RARBG.COM.pob.srt to RARBG.COM.srt
 INFO  layback.log : Language: eng
DEBUG  layback.log : * Search subtitles for RARBG.COM
* Sub already there. To override it use --force

 0
 INFO  layback.log : Language: por
DEBUG  layback.log : * Search subtitles for RARBG.COM
* No sub found

 0
 INFO  layback.log : Language: spa
DEBUG  layback.log : * Search subtitles for RARBG.COM
* Sub already there. To override it use --force

 0
 INFO  layback.log : Language: ger
DEBUG  layback.log : * Search subtitles for RARBG.COM
* No sub found

 0
 INFO  layback.log : Downloading RARBG.COM.mp4 on eng
 INFO  layback.log : Language: pob
DEBUG  layback.log : * Search subtitles for RARBG.COM
* Sub already there. To override it use --force

 0
 INFO  layback.log : cp RARBG.COM.pob.srt to RARBG.COM.srt
 INFO  layback.log : Language: eng
DEBUG  layback.log : * Search subtitles for RARBG.COM
* Sub already there. To override it use --force

 0
 INFO  layback.log : Language: por
DEBUG  layback.log : * Search subtitles for RARBG.COM
* No sub found

 0
 INFO  layback.log : Language: spa
DEBUG  layback.log : * Search subtitles for RARBG.COM
* Sub already there. To override it use --force

 0
 INFO  layback.log : Language: ger
DEBUG  layback.log : * Search subtitles for RARBG.COM
* No sub found

 0
 INFO  layback.log : Downloading RARBG.COM.mp4 on por
 INFO  layback.log : Language: pob
DEBUG  layback.log : * Search subtitles for RARBG.COM
* Sub already there. To override it use --force

 0
 INFO  layback.log : cp RARBG.COM.pob.srt to RARBG.COM.srt
 INFO  layback.log : Language: eng
DEBUG  layback.log : * Search subtitles for RARBG.COM
* Sub already there. To override it use --force

 0
 INFO  layback.log : Language: por
DEBUG  layback.log : * Search subtitles for RARBG.COM
* No sub found

 0
 INFO  layback.log : Language: spa
DEBUG  layback.log : * Search subtitles for RARBG.COM
* Sub already there. To override it use --force

 0
 INFO  layback.log : Language: ger
DEBUG  layback.log : * Search subtitles for RARBG.COM
* No sub found

 0
 INFO  layback.log : Downloading RARBG.COM.mp4 on spa
 INFO  layback.log : Language: pob
DEBUG  layback.log : * Search subtitles for RARBG.COM
* Sub already there. To override it use --force

 0
 INFO  layback.log : cp RARBG.COM.pob.srt to RARBG.COM.srt
 INFO  layback.log : Language: eng
DEBUG  layback.log : * Search subtitles for RARBG.COM
* Sub already there. To override it use --force

 0
 INFO  layback.log : Language: por
DEBUG  layback.log : * Search subtitles for RARBG.COM
* No sub found

 0
 INFO  layback.log : Language: spa
DEBUG  layback.log : * Search subtitles for RARBG.COM
* Sub already there. To override it use --force

 0
 INFO  layback.log : Language: ger
DEBUG  layback.log : * Search subtitles for RARBG.COM
* No sub found

 0
 INFO  layback.log : Downloading RARBG.COM.mp4 on ger
 INFO  layback.log : Language: pob
DEBUG  layback.log : * Search subtitles for RARBG.COM
* Sub already there. To override it use --force

 0
 INFO  layback.log : cp RARBG.COM.pob.srt to RARBG.COM.srt
 INFO  layback.log : Language: eng
DEBUG  layback.log : * Search subtitles for RARBG.COM
* Sub already there. To override it use --force

 0
 INFO  layback.log : Language: por
DEBUG  layback.log : * Search subtitles for RARBG.COM
* No sub found

 0
 INFO  layback.log : Language: spa
DEBUG  layback.log : * Search subtitles for RARBG.COM
* Sub already there. To override it use --force

 0
 INFO  layback.log : Language: ger
DEBUG  layback.log : * Search subtitles for RARBG.COM
* No sub found

 0
 INFO  layback.log : cp RARBG.COM.pob.srt to RARBG.COM.srt
 INFO  layback.log : Setting RARBG.COM.mp4 to pob
 INFO  layback.log : 1 movie's language changed
